<?xml version="1.0" encoding="UTF-8"?>
<!-- Generated by org.testng.reporters.JUnitReportReporter -->
<testsuite hostname="NEWPC" failures="0" tests="2" name="Assignment.Day4Assignment1" time="44.835" errors="0" timestamp="2022-08-25T22:10:47 IST" skipped="0">
  <testcase classname="Assignment.Day4Assignment1" name="verifyTheme" time="23.737"/>
  <system-out/>
  <testcase classname="Assignment.Day4Assignment1" name="verifyHelpTest" time="21.098"/>
  <system-out/>
</testsuite> <!-- Assignment.Day4Assignment1 -->
