<?xml version="1.0" encoding="UTF-8"?>
<!-- Generated by org.testng.reporters.JUnitReportReporter -->
<testsuite hostname="NEWPC" failures="0" tests="1" name="assignment.Day4Assignment3" time="49.238" errors="0" timestamp="2022-08-26T13:26:22 IST" skipped="0">
  <testcase classname="assignment.Day4Assignment3" name="verifyVersionInAboutAutomateTest" time="49.238"/>
  <system-out/>
</testsuite> <!-- assignment.Day4Assignment3 -->
