<?xml version="1.0" encoding="UTF-8"?>
<!-- Generated by org.testng.reporters.JUnitReportReporter -->
<testsuite hostname="NEWPC" failures="0" tests="1" name="Assignment.Day3Assignment3" time="33.194" errors="0" timestamp="25 Aug 2022 16:36:07 GMT">
  <testcase classname="Assignment.Day3Assignment3" name="AppiumTest" time="33.194"/>
</testsuite> <!-- Assignment.Day3Assignment3 -->
